#
# There is insufficient memory for the Java Runtime Environment to continue.
# Native memory allocation (malloc) failed to allocate 130784 bytes for Chunk::new
# Possible reasons:
#   The system is out of physical RAM or swap space
#   The process is running with CompressedOops enabled, and the Java Heap may be blocking the growth of the native heap
# Possible solutions:
#   Reduce memory load on the system
#   Increase physical memory or swap space
#   Check if swap backing store is full
#   Decrease Java heap size (-Xmx/-Xms)
#   Decrease number of Java threads
#   Decrease Java thread stack sizes (-Xss)
#   Set larger code cache with -XX:ReservedCodeCacheSize=
#   JVM is running with Unscaled Compressed Oops mode in which the Java heap is
#     placed in the first 4GB address space. The Java Heap base address is the
#     maximum limit for the native heap growth. Please use -XX:HeapBaseMinAddress
#     to set the Java Heap base and to place the Java Heap above 4GB virtual address.
# This output file may be truncated or incomplete.
#
#  Out of Memory Error (arena.cpp:168), pid=1564, tid=11144
#
# JRE version: Java(TM) SE Runtime Environment (21.0.4+8) (build 21.0.4+8-LTS-274)
# Java VM: Java HotSpot(TM) 64-Bit Server VM (21.0.4+8-LTS-274, mixed mode, sharing, tiered, compressed oops, compressed class ptrs, g1 gc, windows-amd64)
# No core dump will be written. Minidumps are not enabled by default on client versions of Windows
#

---------------  S U M M A R Y ------------

Command Line: -Xmx64m -Xms64m -Dorg.gradle.appname=gradlew D:\Desktop\Universidad\noveno semestre\movil\RNComparationDemo\android\\gradle\wrapper\gradle-wrapper.jar assembleRelease --no-daemon

Host: 11th Gen Intel(R) Core(TM) i5-1135G7 @ 2.40GHz, 8 cores, 7G,  Windows 10 , 64 bit Build 19041 (10.0.19041.5915)
Time: Sun May 31 23:45:35 2026 Hora est. Pac璗ico, Sudam廨ica elapsed time: 424.970006 seconds (0d 0h 7m 4s)

---------------  T H R E A D  ---------------

Current thread (0x0000018347402d40):  JavaThread "C2 CompilerThread0" daemon [_thread_in_native, id=11144, stack(0x00000055f1100000,0x00000055f1200000) (1024K)]


Current CompileTask:
C2: 424982 2193       4       org.gradle.internal.logging.text.AbstractLineChoppingStyledTextOutput$1::execute (9 bytes)

Stack: [0x00000055f1100000,0x00000055f1200000]
Native frames: (J=compiled Java code, j=interpreted, Vv=VM code, C=native code)
V  [jvm.dll+0x6c8e59]
V  [jvm.dll+0x853181]
V  [jvm.dll+0x8556ae]
V  [jvm.dll+0x855d83]
V  [jvm.dll+0x27d526]
V  [jvm.dll+0xc4aad]
V  [jvm.dll+0xc4fe3]
V  [jvm.dll+0x3b400c]
V  [jvm.dll+0x3809a5]
V  [jvm.dll+0x37fe1a]
V  [jvm.dll+0x246280]
V  [jvm.dll+0x24585f]
V  [jvm.dll+0x1c69de]
V  [jvm.dll+0x254d49]
V  [jvm.dll+0x2532da]
V  [jvm.dll+0x3ed426]
V  [jvm.dll+0x7fd65b]
V  [jvm.dll+0x6c753d]
C  [ucrtbase.dll+0x21bb2]
C  [KERNEL32.DLL+0x17374]
C  [ntdll.dll+0x4cc91]


---------------  P R O C E S S  ---------------

Threads class SMR info:
_java_thread_list=0x000001838dad4860, length=12, elements={
0x000001832af81310, 0x00000183473f3b40, 0x00000183473f5e70, 0x00000183473f9a50,
0x00000183473fa4b0, 0x00000183473fcf20, 0x00000183473ff990, 0x0000018347402d40,
0x0000018347405e70, 0x00000183476a9480, 0x00000183476ab310, 0x000001838da0b8d0
}

Java Threads: ( => current thread )
  0x000001832af81310 JavaThread "main"                              [_thread_in_native, id=9452, stack(0x00000055f0300000,0x00000055f0400000) (1024K)]
  0x00000183473f3b40 JavaThread "Reference Handler"          daemon [_thread_blocked, id=20656, stack(0x00000055f0b00000,0x00000055f0c00000) (1024K)]
  0x00000183473f5e70 JavaThread "Finalizer"                  daemon [_thread_blocked, id=2340, stack(0x00000055f0c00000,0x00000055f0d00000) (1024K)]
  0x00000183473f9a50 JavaThread "Signal Dispatcher"          daemon [_thread_blocked, id=10892, stack(0x00000055f0d00000,0x00000055f0e00000) (1024K)]
  0x00000183473fa4b0 JavaThread "Attach Listener"            daemon [_thread_blocked, id=22620, stack(0x00000055f0e00000,0x00000055f0f00000) (1024K)]
  0x00000183473fcf20 JavaThread "Service Thread"             daemon [_thread_blocked, id=20344, stack(0x00000055f0f00000,0x00000055f1000000) (1024K)]
  0x00000183473ff990 JavaThread "Monitor Deflation Thread"   daemon [_thread_blocked, id=15564, stack(0x00000055f1000000,0x00000055f1100000) (1024K)]
=>0x0000018347402d40 JavaThread "C2 CompilerThread0"         daemon [_thread_in_native, id=11144, stack(0x00000055f1100000,0x00000055f1200000) (1024K)]
  0x0000018347405e70 JavaThread "C1 CompilerThread0"         daemon [_thread_blocked, id=12944, stack(0x00000055f1200000,0x00000055f1300000) (1024K)]
  0x00000183476a9480 JavaThread "Notification Thread"        daemon [_thread_blocked, id=13864, stack(0x00000055f1300000,0x00000055f1400000) (1024K)]
  0x00000183476ab310 JavaThread "Common-Cleaner"             daemon [_thread_blocked, id=18412, stack(0x00000055f1400000,0x00000055f1500000) (1024K)]
  0x000001838da0b8d0 JavaThread "pool-1-thread-1"                   [_thread_in_native, id=11540, stack(0x00000055f1500000,0x00000055f1600000) (1024K)]
Total: 12

Other Threads:
  0x00000183473dbbe0 VMThread "VM Thread"                           [id=21656, stack(0x00000055f0a00000,0x00000055f0b00000) (1024K)]
  0x00000183473cb950 WatcherThread "VM Periodic Task Thread"        [id=20396, stack(0x00000055f0900000,0x00000055f0a00000) (1024K)]
  0x000001832d19b210 WorkerThread "GC Thread#0"                     [id=7928, stack(0x00000055f0400000,0x00000055f0500000) (1024K)]
  0x000001838d00a6c0 WorkerThread "GC Thread#1"                     [id=2992, stack(0x00000055f1600000,0x00000055f1700000) (1024K)]
  0x0000018347964ef0 WorkerThread "GC Thread#2"                     [id=13056, stack(0x00000055f1700000,0x00000055f1800000) (1024K)]
  0x0000018347965290 WorkerThread "GC Thread#3"                     [id=13972, stack(0x00000055f1800000,0x00000055f1900000) (1024K)]
  0x000001838dc64730 WorkerThread "GC Thread#4"                     [id=16500, stack(0x00000055f1900000,0x00000055f1a00000) (1024K)]
  0x000001838dc64e70 WorkerThread "GC Thread#5"                     [id=7504, stack(0x00000055f1a00000,0x00000055f1b00000) (1024K)]
  0x000001838dc63ff0 WorkerThread "GC Thread#6"                     [id=21408, stack(0x00000055f1b00000,0x00000055f1c00000) (1024K)]
  0x000001838dc65950 WorkerThread "GC Thread#7"                     [id=13448, stack(0x00000055f1c00000,0x00000055f1d00000) (1024K)]
  0x000001832d19c900 ConcurrentGCThread "G1 Main Marker"            [id=10964, stack(0x00000055f0500000,0x00000055f0600000) (1024K)]
  0x000001832d19dc60 WorkerThread "G1 Conc#0"                       [id=10944, stack(0x00000055f0600000,0x00000055f0700000) (1024K)]
  0x000001832d232820 ConcurrentGCThread "G1 Refine#0"               [id=1616, stack(0x00000055f0700000,0x00000055f0800000) (1024K)]
  0x000001832d2332a0 ConcurrentGCThread "G1 Service"                [id=19336, stack(0x00000055f0800000,0x00000055f0900000) (1024K)]
Total: 14

Threads with active compile tasks:
C2 CompilerThread0   425406 2193       4       org.gradle.internal.logging.text.AbstractLineChoppingStyledTextOutput$1::execute (9 bytes)
Total: 1

VM state: not at safepoint (normal execution)

VM Mutex/Monitor currently owned by a thread: None

Heap address: 0x00000000fc000000, size: 64 MB, Compressed Oops mode: 32-bit

CDS archive(s) mapped at: [0x0000018348000000-0x0000018348c90000-0x0000018348c90000), size 13172736, SharedBaseAddress: 0x0000018348000000, ArchiveRelocationMode: 1.
Compressed class space mapped at: 0x0000018349000000-0x0000018389000000, reserved size: 1073741824
Narrow klass base: 0x0000018348000000, Narrow klass shift: 0, Narrow klass range: 0x100000000

GC Precious Log:
 CardTable entry size: 512
 Card Set container configuration: InlinePtr #cards 5 size 8 Array Of Cards #cards 12 size 40 Howl #buckets 4 coarsen threshold 1843 Howl Bitmap #cards 512 size 80 coarsen threshold 460 Card regions per heap region 1 cards per card region 2048
 CPUs: 8 total, 8 available
 Memory: 7918M
 Large Page Support: Disabled
 NUMA Support: Disabled
 Compressed Oops: Enabled (32-bit)
 Heap Region Size: 1M
 Heap Min Capacity: 64M
 Heap Initial Capacity: 64M
 Heap Max Capacity: 64M
 Pre-touch: Disabled
 Parallel Workers: 8
 Concurrent Workers: 2
 Concurrent Refinement Workers: 8
 Periodic GC: Disabled

Heap:
 garbage-first heap   total 65536K, used 34050K [0x00000000fc000000, 0x0000000100000000)
  region size 1024K, 28 young (28672K), 5 survivors (5120K)
 Metaspace       used 10491K, committed 10816K, reserved 1114112K
  class space    used 1367K, committed 1536K, reserved 1048576K

Heap Regions: E=young(eden), S=young(survivor), O=old, HS=humongous(starts), HC=humongous(continues), CS=collection set, F=free, TAMS=top-at-mark-start, PB=parsable bottom
|   0|0x00000000fc000000, 0x00000000fc100000, 0x00000000fc100000|100%|HS|  |TAMS 0x00000000fc000000| PB 0x00000000fc000000| Complete 
|   1|0x00000000fc100000, 0x00000000fc200000, 0x00000000fc200000|100%|HC|  |TAMS 0x00000000fc100000| PB 0x00000000fc100000| Complete 
|   2|0x00000000fc200000, 0x00000000fc300000, 0x00000000fc300000|100%|HC|  |TAMS 0x00000000fc200000| PB 0x00000000fc200000| Complete 
|   3|0x00000000fc300000, 0x00000000fc400000, 0x00000000fc400000|100%| O|  |TAMS 0x00000000fc300000| PB 0x00000000fc300000| Untracked 
|   4|0x00000000fc400000, 0x00000000fc500000, 0x00000000fc500000|100%| O|  |TAMS 0x00000000fc400000| PB 0x00000000fc400000| Untracked 
|   5|0x00000000fc500000, 0x00000000fc600000, 0x00000000fc600000|100%| O|  |TAMS 0x00000000fc500000| PB 0x00000000fc500000| Untracked 
|   6|0x00000000fc600000, 0x00000000fc640800, 0x00000000fc700000| 25%| O|  |TAMS 0x00000000fc600000| PB 0x00000000fc600000| Untracked 
|   7|0x00000000fc700000, 0x00000000fc700000, 0x00000000fc800000|  0%| F|  |TAMS 0x00000000fc700000| PB 0x00000000fc700000| Untracked 
|   8|0x00000000fc800000, 0x00000000fc800000, 0x00000000fc900000|  0%| F|  |TAMS 0x00000000fc800000| PB 0x00000000fc800000| Untracked 
|   9|0x00000000fc900000, 0x00000000fc900000, 0x00000000fca00000|  0%| F|  |TAMS 0x00000000fc900000| PB 0x00000000fc900000| Untracked 
|  10|0x00000000fca00000, 0x00000000fca00000, 0x00000000fcb00000|  0%| F|  |TAMS 0x00000000fca00000| PB 0x00000000fca00000| Untracked 
|  11|0x00000000fcb00000, 0x00000000fcb00000, 0x00000000fcc00000|  0%| F|  |TAMS 0x00000000fcb00000| PB 0x00000000fcb00000| Untracked 
|  12|0x00000000fcc00000, 0x00000000fcc00000, 0x00000000fcd00000|  0%| F|  |TAMS 0x00000000fcc00000| PB 0x00000000fcc00000| Untracked 
|  13|0x00000000fcd00000, 0x00000000fcd00000, 0x00000000fce00000|  0%| F|  |TAMS 0x00000000fcd00000| PB 0x00000000fcd00000| Untracked 
|  14|0x00000000fce00000, 0x00000000fce00000, 0x00000000fcf00000|  0%| F|  |TAMS 0x00000000fce00000| PB 0x00000000fce00000| Untracked 
|  15|0x00000000fcf00000, 0x00000000fcf00000, 0x00000000fd000000|  0%| F|  |TAMS 0x00000000fcf00000| PB 0x00000000fcf00000| Untracked 
|  16|0x00000000fd000000, 0x00000000fd000000, 0x00000000fd100000|  0%| F|  |TAMS 0x00000000fd000000| PB 0x00000000fd000000| Untracked 
|  17|0x00000000fd100000, 0x00000000fd100000, 0x00000000fd200000|  0%| F|  |TAMS 0x00000000fd100000| PB 0x00000000fd100000| Untracked 
|  18|0x00000000fd200000, 0x00000000fd200000, 0x00000000fd300000|  0%| F|  |TAMS 0x00000000fd200000| PB 0x00000000fd200000| Untracked 
|  19|0x00000000fd300000, 0x00000000fd300000, 0x00000000fd400000|  0%| F|  |TAMS 0x00000000fd300000| PB 0x00000000fd300000| Untracked 
|  20|0x00000000fd400000, 0x00000000fd400000, 0x00000000fd500000|  0%| F|  |TAMS 0x00000000fd400000| PB 0x00000000fd400000| Untracked 
|  21|0x00000000fd500000, 0x00000000fd500000, 0x00000000fd600000|  0%| F|  |TAMS 0x00000000fd500000| PB 0x00000000fd500000| Untracked 
|  22|0x00000000fd600000, 0x00000000fd600000, 0x00000000fd700000|  0%| F|  |TAMS 0x00000000fd600000| PB 0x00000000fd600000| Untracked 
|  23|0x00000000fd700000, 0x00000000fd700000, 0x00000000fd800000|  0%| F|  |TAMS 0x00000000fd700000| PB 0x00000000fd700000| Untracked 
|  24|0x00000000fd800000, 0x00000000fd900000, 0x00000000fd900000|100%| S|CS|TAMS 0x00000000fd800000| PB 0x00000000fd800000| Complete 
|  25|0x00000000fd900000, 0x00000000fda00000, 0x00000000fda00000|100%| S|CS|TAMS 0x00000000fd900000| PB 0x00000000fd900000| Complete 
|  26|0x00000000fda00000, 0x00000000fdb00000, 0x00000000fdb00000|100%| S|CS|TAMS 0x00000000fda00000| PB 0x00000000fda00000| Complete 
|  27|0x00000000fdb00000, 0x00000000fdc00000, 0x00000000fdc00000|100%| S|CS|TAMS 0x00000000fdb00000| PB 0x00000000fdb00000| Complete 
|  28|0x00000000fdc00000, 0x00000000fdd00000, 0x00000000fdd00000|100%| S|CS|TAMS 0x00000000fdc00000| PB 0x00000000fdc00000| Complete 
|  29|0x00000000fdd00000, 0x00000000fdd00000, 0x00000000fde00000|  0%| F|  |TAMS 0x00000000fdd00000| PB 0x00000000fdd00000| Untracked 
|  30|0x00000000fde00000, 0x00000000fde00000, 0x00000000fdf00000|  0%| F|  |TAMS 0x00000000fde00000| PB 0x00000000fde00000| Untracked 
|  31|0x00000000fdf00000, 0x00000000fdf00000, 0x00000000fe000000|  0%| F|  |TAMS 0x00000000fdf00000| PB 0x00000000fdf00000| Untracked 
|  32|0x00000000fe000000, 0x00000000fe000000, 0x00000000fe100000|  0%| F|  |TAMS 0x00000000fe000000| PB 0x00000000fe000000| Untracked 
|  33|0x00000000fe100000, 0x00000000fe100000, 0x00000000fe200000|  0%| F|  |TAMS 0x00000000fe100000| PB 0x00000000fe100000| Untracked 
|  34|0x00000000fe200000, 0x00000000fe200000, 0x00000000fe300000|  0%| F|  |TAMS 0x00000000fe200000| PB 0x00000000fe200000| Untracked 
|  35|0x00000000fe300000, 0x00000000fe300000, 0x00000000fe400000|  0%| F|  |TAMS 0x00000000fe300000| PB 0x00000000fe300000| Untracked 
|  36|0x00000000fe400000, 0x00000000fe400000, 0x00000000fe500000|  0%| F|  |TAMS 0x00000000fe400000| PB 0x00000000fe400000| Untracked 
|  37|0x00000000fe500000, 0x00000000fe500000, 0x00000000fe600000|  0%| F|  |TAMS 0x00000000fe500000| PB 0x00000000fe500000| Untracked 
|  38|0x00000000fe600000, 0x00000000fe600000, 0x00000000fe700000|  0%| F|  |TAMS 0x00000000fe600000| PB 0x00000000fe600000| Untracked 
|  39|0x00000000fe700000, 0x00000000fe700000, 0x00000000fe800000|  0%| F|  |TAMS 0x00000000fe700000| PB 0x00000000fe700000| Untracked 
|  40|0x00000000fe800000, 0x00000000fe800000, 0x00000000fe900000|  0%| F|  |TAMS 0x00000000fe800000| PB 0x00000000fe800000| Untracked 
|  41|0x00000000fe900000, 0x00000000fe99f2b8, 0x00000000fea00000| 62%| E|  |TAMS 0x00000000fe900000| PB 0x00000000fe900000| Complete 
|  42|0x00000000fea00000, 0x00000000feb00000, 0x00000000feb00000|100%| E|CS|TAMS 0x00000000fea00000| PB 0x00000000fea00000| Complete 
|  43|0x00000000feb00000, 0x00000000fec00000, 0x00000000fec00000|100%| E|CS|TAMS 0x00000000feb00000| PB 0x00000000feb00000| Complete 
|  44|0x00000000fec00000, 0x00000000fed00000, 0x00000000fed00000|100%| E|CS|TAMS 0x00000000fec00000| PB 0x00000000fec00000| Complete 
|  45|0x00000000fed00000, 0x00000000fee00000, 0x00000000fee00000|100%| E|CS|TAMS 0x00000000fed00000| PB 0x00000000fed00000| Complete 
|  46|0x00000000fee00000, 0x00000000fef00000, 0x00000000fef00000|100%| E|CS|TAMS 0x00000000fee00000| PB 0x00000000fee00000| Complete 
|  47|0x00000000fef00000, 0x00000000ff000000, 0x00000000ff000000|100%| E|CS|TAMS 0x00000000fef00000| PB 0x00000000fef00000| Complete 
|  48|0x00000000ff000000, 0x00000000ff100000, 0x00000000ff100000|100%| E|CS|TAMS 0x00000000ff000000| PB 0x00000000ff000000| Complete 
|  49|0x00000000ff100000, 0x00000000ff200000, 0x00000000ff200000|100%| E|CS|TAMS 0x00000000ff100000| PB 0x00000000ff100000| Complete 
|  50|0x00000000ff200000, 0x00000000ff300000, 0x00000000ff300000|100%| E|CS|TAMS 0x00000000ff200000| PB 0x00000000ff200000| Complete 
|  51|0x00000000ff300000, 0x00000000ff400000, 0x00000000ff400000|100%| E|CS|TAMS 0x00000000ff300000| PB 0x00000000ff300000| Complete 
|  52|0x00000000ff400000, 0x00000000ff500000, 0x00000000ff500000|100%| E|CS|TAMS 0x00000000ff400000| PB 0x00000000ff400000| Complete 
|  53|0x00000000ff500000, 0x00000000ff600000, 0x00000000ff600000|100%| E|CS|TAMS 0x00000000ff500000| PB 0x00000000ff500000| Complete 
|  54|0x00000000ff600000, 0x00000000ff700000, 0x00000000ff700000|100%| E|CS|TAMS 0x00000000ff600000| PB 0x00000000ff600000| Complete 
|  55|0x00000000ff700000, 0x00000000ff800000, 0x00000000ff800000|100%| E|CS|TAMS 0x00000000ff700000| PB 0x00000000ff700000| Complete 
|  56|0x00000000ff800000, 0x00000000ff900000, 0x00000000ff900000|100%| E|CS|TAMS 0x00000000ff800000| PB 0x00000000ff800000| Complete 
|  57|0x00000000ff900000, 0x00000000ffa00000, 0x00000000ffa00000|100%| E|CS|TAMS 0x00000000ff900000| PB 0x00000000ff900000| Complete 
|  58|0x00000000ffa00000, 0x00000000ffb00000, 0x00000000ffb00000|100%| E|CS|TAMS 0x00000000ffa00000| PB 0x00000000ffa00000| Complete 
|  59|0x00000000ffb00000, 0x00000000ffc00000, 0x00000000ffc00000|100%| E|CS|TAMS 0x00000000ffb00000| PB 0x00000000ffb00000| Complete 
|  60|0x00000000ffc00000, 0x00000000ffd00000, 0x00000000ffd00000|100%| E|CS|TAMS 0x00000000ffc00000| PB 0x00000000ffc00000| Complete 
|  61|0x00000000ffd00000, 0x00000000ffe00000, 0x00000000ffe00000|100%| E|CS|TAMS 0x00000000ffd00000| PB 0x00000000ffd00000| Complete 
|  62|0x00000000ffe00000, 0x00000000fff00000, 0x00000000fff00000|100%| E|CS|TAMS 0x00000000ffe00000| PB 0x00000000ffe00000| Complete 
|  63|0x00000000fff00000, 0x0000000100000000, 0x0000000100000000|100%| E|CS|TAMS 0x00000000fff00000| PB 0x00000000fff00000| Complete 

Card table byte_map: [0x000001832d0d0000,0x000001832d0f0000] _byte_map_base: 0x000001832c8f0000

Marking Bits: (CMBitMap*) 0x000001832d19b820
 Bits: [0x0000018344930000, 0x0000018344a30000)

Polling page: 0x000001832c950000

Metaspace:

Usage:
  Non-class:      8.91 MB used.
      Class:      1.34 MB used.
       Both:     10.25 MB used.

Virtual space:
  Non-class space:       64.00 MB reserved,       9.06 MB ( 14%) committed,  1 nodes.
      Class space:        1.00 GB reserved,       1.50 MB ( <1%) committed,  1 nodes.
             Both:        1.06 GB reserved,      10.56 MB ( <1%) committed. 

Chunk freelists:
   Non-Class:  6.19 MB
       Class:  14.48 MB
        Both:  20.67 MB

MaxMetaspaceSize: unlimited
CompressedClassSpaceSize: 1.00 GB
Initial GC threshold: 21.00 MB
Current GC threshold: 21.00 MB
CDS: on
 - commit_granule_bytes: 65536.
 - commit_granule_words: 8192.
 - virtual_space_node_default_size: 8388608.
 - enlarge_chunks_in_place: 1.
 - use_allocation_guard: 0.


Internal statistics:

num_allocs_failed_limit: 0.
num_arena_births: 338.
num_arena_deaths: 0.
num_vsnodes_births: 2.
num_vsnodes_deaths: 0.
num_space_committed: 169.
num_space_uncommitted: 0.
num_chunks_returned_to_freelist: 0.
num_chunks_taken_from_freelist: 678.
num_chunk_merges: 0.
num_chunk_splits: 432.
num_chunks_enlarged: 281.
num_inconsistent_stats: 0.

CodeHeap 'non-profiled nmethods': size=120000Kb used=1094Kb max_used=1094Kb free=118905Kb
 bounds [0x000001833d0d0000, 0x000001833d340000, 0x0000018344600000]
CodeHeap 'profiled nmethods': size=120000Kb used=4108Kb max_used=4108Kb free=115891Kb
 bounds [0x0000018335600000, 0x0000018335a10000, 0x000001833cb30000]
CodeHeap 'non-nmethods': size=5760Kb used=1559Kb max_used=1587Kb free=4200Kb
 bounds [0x000001833cb30000, 0x000001833cda0000, 0x000001833d0d0000]
 total_blobs=2707 nmethods=2202 adapters=410
 compilation: enabled
              stopped_count=0, restarted_count=0
 full_count=0

Compilation events (20 events):
Event: 423.447 Thread 0x0000018347405e70 nmethod 2185 0x00000183359fc710 code [0x00000183359fc900, 0x00000183359fcfc0]
Event: 424.669 Thread 0x0000018347405e70 2186       3       java.nio.CharBuffer::position (6 bytes)
Event: 424.671 Thread 0x0000018347405e70 nmethod 2186 0x00000183359fd290 code [0x00000183359fd440, 0x00000183359fd5f0]
Event: 424.671 Thread 0x0000018347405e70 2187       3       java.nio.charset.CoderResult::isUnderflow (13 bytes)
Event: 424.672 Thread 0x0000018347405e70 nmethod 2187 0x00000183359fd710 code [0x00000183359fd8a0, 0x00000183359fda08]
Event: 424.672 Thread 0x0000018347405e70 2188       3       java.nio.ByteBuffer::array (35 bytes)
Event: 424.674 Thread 0x0000018347402d40 2192       4       org.gradle.internal.logging.text.AbstractLineChoppingStyledTextOutput$StateContext::hasChar (25 bytes)
Event: 424.677 Thread 0x0000018347405e70 nmethod 2188 0x00000183359fda90 code [0x00000183359fdc60, 0x00000183359fdf38]
Event: 424.686 Thread 0x0000018347405e70 2189       3       java.io.BufferedOutputStream::flushBuffer (29 bytes)
Event: 424.689 Thread 0x0000018347402d40 nmethod 2192 0x000001833d1e1290 code [0x000001833d1e1400, 0x000001833d1e14b8]
Event: 424.689 Thread 0x0000018347402d40 2193       4       org.gradle.internal.logging.text.AbstractLineChoppingStyledTextOutput$1::execute (9 bytes)
Event: 424.708 Thread 0x0000018347405e70 nmethod 2189 0x00000183359fe090 code [0x00000183359fe240, 0x00000183359fe470]
Event: 424.708 Thread 0x0000018347405e70 2190   !   3       java.io.BufferedOutputStream::flush (60 bytes)
Event: 424.773 Thread 0x0000018347405e70 nmethod 2190 0x00000183359fe510 code [0x00000183359fe800, 0x00000183359ff948]
Event: 424.773 Thread 0x0000018347405e70 2196       3       java.io.BufferedOutputStream::implFlush (12 bytes)
Event: 424.774 Thread 0x0000018347405e70 nmethod 2196 0x00000183359fff90 code [0x0000018335a00160, 0x0000018335a004b8]
Event: 424.774 Thread 0x0000018347405e70 2197       3       java.io.OutputStream::flush (1 bytes)
Event: 424.774 Thread 0x0000018347405e70 nmethod 2197 0x0000018335a00610 code [0x0000018335a007a0, 0x0000018335a008a8]
Event: 424.774 Thread 0x0000018347405e70 2198       3       sun.nio.cs.StreamEncoder::ensureOpen (18 bytes)
Event: 424.832 Thread 0x0000018347405e70 nmethod 2198 0x0000018335a00910 code [0x0000018335a00ac0, 0x0000018335a00ce8]

GC Heap History (4 events):
Event: 1.495 GC heap before
{Heap before GC invocations=0 (full 0):
 garbage-first heap   total 65536K, used 22528K [0x00000000fc000000, 0x0000000100000000)
  region size 1024K, 23 young (23552K), 0 survivors (0K)
 Metaspace       used 1590K, committed 1792K, reserved 1114112K
  class space    used 146K, committed 256K, reserved 1048576K
}
Event: 1.513 GC heap after
{Heap after GC invocations=1 (full 0):
 garbage-first heap   total 65536K, used 1792K [0x00000000fc000000, 0x0000000100000000)
  region size 1024K, 2 young (2048K), 2 survivors (2048K)
 Metaspace       used 1590K, committed 1792K, reserved 1114112K
  class space    used 146K, committed 256K, reserved 1048576K
}
Event: 4.571 GC heap before
{Heap before GC invocations=1 (full 0):
 garbage-first heap   total 65536K, used 37632K [0x00000000fc000000, 0x0000000100000000)
  region size 1024K, 35 young (35840K), 2 survivors (2048K)
 Metaspace       used 8143K, committed 8512K, reserved 1114112K
  class space    used 1111K, committed 1280K, reserved 1048576K
}
Event: 4.576 GC heap after
{Heap after GC invocations=2 (full 0):
 garbage-first heap   total 65536K, used 11522K [0x00000000fc000000, 0x0000000100000000)
  region size 1024K, 5 young (5120K), 5 survivors (5120K)
 Metaspace       used 8143K, committed 8512K, reserved 1114112K
  class space    used 1111K, committed 1280K, reserved 1048576K
}

Dll operation events (12 events):
Event: 0.008 Loaded shared library C:\Program Files\Java\jdk-21\bin\java.dll
Event: 0.043 Loaded shared library C:\Program Files\Java\jdk-21\bin\jsvml.dll
Event: 0.059 Loaded shared library C:\Program Files\Java\jdk-21\bin\net.dll
Event: 0.061 Loaded shared library C:\Program Files\Java\jdk-21\bin\nio.dll
Event: 0.064 Loaded shared library C:\Program Files\Java\jdk-21\bin\zip.dll
Event: 1.520 Loaded shared library C:\Program Files\Java\jdk-21\bin\jimage.dll
Event: 2.842 Loaded shared library C:\Program Files\Java\jdk-21\bin\verify.dll
Event: 3.054 Loaded shared library C:\Program Files\Java\jdk-21\bin\management.dll
Event: 3.084 Loaded shared library C:\Program Files\Java\jdk-21\bin\management_ext.dll
Event: 3.309 Loaded shared library C:\Users\Sandro\.gradle\native\1def1411415f61bf3af743bc5b6707747c0891f09f0c88961ee8f79bc544acac\windows-amd64\native-platform.dll
Event: 4.181 Loaded shared library C:\Program Files\Java\jdk-21\bin\extnet.dll
Event: 9.172 Loaded shared library C:\Program Files\Java\jdk-21\bin\sunmscapi.dll

Deoptimization events (20 events):
Event: 169.804 Thread 0x000001838da0b8d0 Uncommon trap: trap_request=0xffffff45 fr.pc=0x000001833d1d8ab8 relative=0x0000000000000098
Event: 169.816 Thread 0x000001838da0b8d0 Uncommon trap: reason=unstable_if action=reinterpret pc=0x000001833d1d8ab8 method=org.gradle.internal.operations.OperationIdentifier.equals(Ljava/lang/Object;)Z @ 38 c2
Event: 169.816 Thread 0x000001838da0b8d0 DEOPT PACKING pc=0x000001833d1d8ab8 sp=0x00000055f15fef40
Event: 169.818 Thread 0x000001838da0b8d0 DEOPT UNPACKING pc=0x000001833cb87da2 sp=0x00000055f15feec8 mode 2
Event: 182.616 Thread 0x000001832af81310 Uncommon trap: trap_request=0xffffff45 fr.pc=0x000001833d1bd7a0 relative=0x0000000000000240
Event: 182.616 Thread 0x000001832af81310 Uncommon trap: reason=unstable_if action=reinterpret pc=0x000001833d1bd7a0 method=com.esotericsoftware.kryo.io.Input.readBoolean()Z @ 23 c2
Event: 182.616 Thread 0x000001832af81310 DEOPT PACKING pc=0x000001833d1bd7a0 sp=0x00000055f03fe410
Event: 182.616 Thread 0x000001832af81310 DEOPT UNPACKING pc=0x000001833cb87da2 sp=0x00000055f03fe368 mode 2
Event: 423.422 Thread 0x000001832af81310 Uncommon trap: trap_request=0xffffff45 fr.pc=0x000001833d1dcfe8 relative=0x0000000000000f88
Event: 423.422 Thread 0x000001832af81310 Uncommon trap: reason=unstable_if action=reinterpret pc=0x000001833d1dcfe8 method=com.esotericsoftware.kryo.io.Input.readUtf8Length(I)I @ 46 c2
Event: 423.422 Thread 0x000001832af81310 DEOPT PACKING pc=0x000001833d1dcfe8 sp=0x00000055f03fe260
Event: 423.431 Thread 0x000001832af81310 DEOPT UNPACKING pc=0x000001833cb87da2 sp=0x00000055f03fe1b8 mode 2
Event: 423.617 Thread 0x000001832af81310 Uncommon trap: trap_request=0xffffffde fr.pc=0x000001833d1da3cc relative=0x00000000000013ac
Event: 423.617 Thread 0x000001832af81310 Uncommon trap: reason=class_check action=maybe_recompile pc=0x000001833d1da3cc method=org.gradle.internal.logging.sink.OutputEventTransformer.onOutput(Lorg/gradle/internal/logging/events/OutputEvent;)V @ 272 c2
Event: 423.618 Thread 0x000001832af81310 DEOPT PACKING pc=0x000001833d1da3cc sp=0x00000055f03fe480
Event: 423.618 Thread 0x000001832af81310 DEOPT UNPACKING pc=0x000001833cb87da2 sp=0x00000055f03fe448 mode 2
Event: 423.711 Thread 0x000001838da0b8d0 Uncommon trap: trap_request=0xffffff45 fr.pc=0x000001833d1ce790 relative=0x0000000000000670
Event: 423.713 Thread 0x000001838da0b8d0 Uncommon trap: reason=unstable_if action=reinterpret pc=0x000001833d1ce790 method=org.gradle.internal.logging.sink.GroupingProgressLogEventGenerator.onOutput(Lorg/gradle/internal/logging/events/OutputEvent;)V @ 22 c2
Event: 423.715 Thread 0x000001838da0b8d0 DEOPT PACKING pc=0x000001833d1ce790 sp=0x00000055f15ff140
Event: 423.715 Thread 0x000001838da0b8d0 DEOPT UNPACKING pc=0x000001833cb87da2 sp=0x00000055f15fefc0 mode 2

Classes loaded (20 events):
Event: 9.390 Loading class java/io/ObjectInputStream$BlockDataInputStream
Event: 9.391 Loading class java/io/ObjectInputStream$BlockDataInputStream done
Event: 9.391 Loading class java/io/ObjectInputStream$PeekInputStream
Event: 9.392 Loading class java/io/ObjectInputStream$PeekInputStream done
Event: 9.392 Loading class java/io/ObjectInputStream$HandleTable
Event: 9.392 Loading class java/io/ObjectInputStream$HandleTable done
Event: 9.392 Loading class java/io/ObjectInputStream$HandleTable$HandleList
Event: 9.392 Loading class java/io/ObjectInputStream$HandleTable$HandleList done
Event: 9.392 Loading class java/io/ObjectInputStream$ValidationList
Event: 9.392 Loading class java/io/ObjectInputStream$ValidationList done
Event: 9.392 Loading class java/io/ObjectInputFilter$Config
Event: 9.393 Loading class java/io/ObjectInputFilter$Config done
Event: 9.393 Loading class java/io/ObjectInputFilter
Event: 9.394 Loading class java/io/ObjectInputFilter done
Event: 9.394 Loading class java/io/ObjectInputFilter$Config$BuiltinFilterFactory
Event: 9.394 Loading class java/io/ObjectInputFilter$Config$BuiltinFilterFactory done
Event: 9.394 Loading class jdk/internal/access/JavaObjectInputFilterAccess
Event: 9.394 Loading class jdk/internal/access/JavaObjectInputFilterAccess done
Event: 30.164 Loading class java/lang/invoke/MethodHandle$1
Event: 30.165 Loading class java/lang/invoke/MethodHandle$1 done

Classes unloaded (0 events):
No events

Classes redefined (0 events):
No events

Internal exceptions (20 events):
Event: 4.427 Thread 0x000001832af81310 Exception <a 'java/lang/NoSuchMethodError'{0x00000000fe204b78}: 'java.lang.Object java.lang.invoke.DirectMethodHandle$Holder.invokeStatic(java.lang.Object, java.lang.Object, java.lang.Object, java.lang.Object, java.lang.Object, java.lang.Object, java.lang.Object, java.lang.Object, java.lang.Object, java.lang.Object, java.lang.Object, java.lang.Object, java.lang.Object, java.lang.Object, java.lang.Object)'> (0x00000000fe204b78) 
thrown [s\open\src\hotspot\share\interpreter\linkResolver.cpp, line 773]
Event: 4.428 Thread 0x000001832af81310 Exception <a 'java/lang/NoSuchMethodError'{0x00000000fe227920}: 'java.lang.Object java.lang.invoke.DirectMethodHandle$Holder.invokeStatic(java.lang.Object, java.lang.Object, java.lang.Object, java.lang.Object, java.lang.Object, java.lang.Object, java.lang.Object, java.lang.Object, java.lang.Object, java.lang.Object, java.lang.Object, java.lang.Object, java.lang.Object, java.lang.Object, java.lang.Object, java.lang.Object)'> (0x00000000fe227920) 
thrown [s\open\src\hotspot\share\interpreter\linkResolver.cpp
Event: 4.430 Thread 0x000001832af81310 Exception <a 'java/lang/NoSuchMethodError'{0x00000000fe24d778}: 'java.lang.Object java.lang.invoke.DirectMethodHandle$Holder.invokeStatic(java.lang.Object, java.lang.Object, java.lang.Object, java.lang.Object, java.lang.Object, java.lang.Object, java.lang.Object, java.lang.Object, java.lang.Object, java.lang.Object, java.lang.Object, java.lang.Object, java.lang.Object, java.lang.Object, java.lang.Object, java.lang.Object, java.lang.Object)'> (0x00000000fe24d778) 
thrown [s\open\src\hotspot\share\interprete
Event: 4.431 Thread 0x000001832af81310 Exception <a 'java/lang/NoSuchMethodError'{0x00000000fe2751d0}: 'java.lang.Object java.lang.invoke.DirectMethodHandle$Holder.invokeStatic(java.lang.Object, java.lang.Object, java.lang.Object, java.lang.Object, java.lang.Object, java.lang.Object, java.lang.Object, java.lang.Object, java.lang.Object, java.lang.Object, java.lang.Object, java.lang.Object, java.lang.Object, java.lang.Object, java.lang.Object, java.lang.Object, java.lang.Object, java.lang.Object)'> (0x00000000fe2751d0) 
thrown [s\open\src\hotspo
Event: 4.432 Thread 0x000001832af81310 Exception <a 'java/lang/NoSuchMethodError'{0x00000000fe29d620}: 'java.lang.Object java.lang.invoke.DirectMethodHandle$Holder.invokeStatic(java.lang.Object, java.lang.Object, java.lang.Object, java.lang.Object, java.lang.Object, java.lang.Object, java.lang.Object, java.lang.Object, java.lang.Object, java.lang.Object, java.lang.Object, java.lang.Object, java.lang.Object, java.lang.Object, java.lang.Object, java.lang.Object, java.lang.Object, java.lang.Object, java.lang.Object)'> (0x00000000fe29d620) 
thrown 
Event: 4.434 Thread 0x000001832af81310 Exception <a 'java/lang/NoSuchMethodError'{0x00000000fe2c6bd8}: 'java.lang.Object java.lang.invoke.DirectMethodHandle$Holder.invokeStatic(java.lang.Object, java.lang.Object, java.lang.Object, java.lang.Object, java.lang.Object, java.lang.Object, java.lang.Object, java.lang.Object, java.lang.Object, java.lang.Object, java.lang.Object, java.lang.Object, java.lang.Object, java.lang.Object, java.lang.Object, java.lang.Object, java.lang.Object, java.lang.Object, java.lang.Object, java.lang.Object)'> (0x00000000
Event: 4.436 Thread 0x000001832af81310 Exception <a 'java/lang/NoSuchMethodError'{0x00000000fe2f13f8}: 'java.lang.Object java.lang.invoke.DirectMethodHandle$Holder.invokeStatic(java.lang.Object, java.lang.Object, java.lang.Object, java.lang.Object, java.lang.Object, java.lang.Object, java.lang.Object, java.lang.Object, java.lang.Object, java.lang.Object, java.lang.Object, java.lang.Object, java.lang.Object, java.lang.Object, java.lang.Object, java.lang.Object, java.lang.Object, java.lang.Object, java.lang.Object, java.lang.Object, java.lang.Obj
Event: 4.437 Thread 0x000001832af81310 Exception <a 'java/lang/NoSuchMethodError'{0x00000000fe11c920}: 'java.lang.Object java.lang.invoke.DirectMethodHandle$Holder.invokeStatic(java.lang.Object, java.lang.Object, java.lang.Object, java.lang.Object, java.lang.Object, java.lang.Object, java.lang.Object, java.lang.Object, java.lang.Object, java.lang.Object, java.lang.Object, java.lang.Object, java.lang.Object, java.lang.Object, java.lang.Object, java.lang.Object, java.lang.Object, java.lang.Object, java.lang.Object, java.lang.Object, java.lang.Obj
Event: 4.439 Thread 0x000001832af81310 Exception <a 'java/lang/NoSuchMethodError'{0x00000000fe148758}: 'java.lang.Object java.lang.invoke.DirectMethodHandle$Holder.invokeStatic(java.lang.Object, java.lang.Object, java.lang.Object, java.lang.Object, java.lang.Object, java.lang.Object, java.lang.Object, java.lang.Object, java.lang.Object, java.lang.Object, java.lang.Object, java.lang.Object, java.lang.Object, java.lang.Object, java.lang.Object, java.lang.Object, java.lang.Object, java.lang.Object, java.lang.Object, java.lang.Object, java.lang.Obj
Event: 4.440 Thread 0x000001832af81310 Exception <a 'java/lang/NoSuchMethodError'{0x00000000fe175180}: 'java.lang.Object java.lang.invoke.DirectMethodHandle$Holder.invokeStatic(java.lang.Object, java.lang.Object, java.lang.Object, java.lang.Object, java.lang.Object, java.lang.Object, java.lang.Object, java.lang.Object, java.lang.Object, java.lang.Object, java.lang.Object, java.lang.Object, java.lang.Object, java.lang.Object, java.lang.Object, java.lang.Object, java.lang.Object, java.lang.Object, java.lang.Object, java.lang.Object, java.lang.Obj
Event: 4.441 Thread 0x000001832af81310 Exception <a 'java/lang/NoSuchMethodError'{0x00000000fe1a33a0}: 'java.lang.Object java.lang.invoke.DirectMethodHandle$Holder.invokeStatic(java.lang.Object, java.lang.Object, java.lang.Object, java.lang.Object, java.lang.Object, java.lang.Object, java.lang.Object, java.lang.Object, java.lang.Object, java.lang.Object, java.lang.Object, java.lang.Object, java.lang.Object, java.lang.Object, java.lang.Object, java.lang.Object, java.lang.Object, java.lang.Object, java.lang.Object, java.lang.Object, java.lang.Obj
Event: 4.444 Thread 0x000001832af81310 Exception <a 'java/lang/NoSuchMethodError'{0x00000000fe1c4ee8}: 'java.lang.Object java.lang.invoke.DirectMethodHandle$Holder.invokeSpecial(java.lang.Object, java.lang.Object, java.lang.Object, java.lang.Object, java.lang.Object, java.lang.Object, java.lang.Object, java.lang.Object, java.lang.Object, java.lang.Object, java.lang.Object, java.lang.Object, java.lang.Object, java.lang.Object, java.lang.Object, java.lang.Object, java.lang.Object, java.lang.Object, java.lang.Object, java.lang.Object, java.lang.Ob
Event: 4.446 Thread 0x000001832af81310 Exception <a 'java/lang/NoSuchMethodError'{0x00000000fe1daa68}: 'java.lang.Object java.lang.invoke.DirectMethodHandle$Holder.newInvokeSpecial(java.lang.Object, java.lang.Object, java.lang.Object, java.lang.Object, java.lang.Object, java.lang.Object, java.lang.Object, java.lang.Object, java.lang.Object, java.lang.Object, java.lang.Object, java.lang.Object, java.lang.Object, java.lang.Object, java.lang.Object, java.lang.Object, java.lang.Object, java.lang.Object, java.lang.Object, java.lang.Object, java.lang
Event: 4.447 Thread 0x000001832af81310 Exception <a 'java/lang/NoSuchMethodError'{0x00000000fe1e0c00}: 'java.lang.Object java.lang.invoke.Invokers$Holder.linkToTargetMethod(java.lang.Object, java.lang.Object, java.lang.Object, java.lang.Object, java.lang.Object, java.lang.Object, java.lang.Object, java.lang.Object, java.lang.Object, java.lang.Object, java.lang.Object, java.lang.Object, java.lang.Object, java.lang.Object, java.lang.Object, java.lang.Object, java.lang.Object, java.lang.Object, java.lang.Object, java.lang.Object, java.lang.Object,
Event: 4.448 Thread 0x000001832af81310 Exception <a 'java/lang/NoSuchMethodError'{0x00000000fe1e5c00}: 'java.lang.Object java.lang.invoke.DirectMethodHandle$Holder.invokeVirtual(java.lang.Object, java.lang.Object, java.lang.Object, java.lang.Object, java.lang.Object, java.lang.Object, java.lang.Object, java.lang.Object, java.lang.Object, java.lang.Object)'> (0x00000000fe1e5c00) 
thrown [s\open\src\hotspot\share\interpreter\linkResolver.cpp, line 773]
Event: 4.495 Thread 0x000001832af81310 Exception <a 'java/lang/NoSuchMethodError'{0x00000000fe0dc3c8}: 'java.lang.Object java.lang.invoke.DirectMethodHandle$Holder.invokeVirtual(java.lang.Object, java.lang.Object, java.lang.Object, java.lang.Object, java.lang.Object, java.lang.Object, java.lang.Object, java.lang.Object, java.lang.Object)'> (0x00000000fe0dc3c8) 
thrown [s\open\src\hotspot\share\interpreter\linkResolver.cpp, line 773]
Event: 4.756 Thread 0x000001838dc74660 Exception <a 'java/lang/NoSuchMethodError'{0x00000000ffb8e8b0}: 'void java.lang.invoke.DirectMethodHandle$Holder.invokeStatic(java.lang.Object, long)'> (0x00000000ffb8e8b0) 
thrown [s\open\src\hotspot\share\interpreter\linkResolver.cpp, line 773]
Event: 4.757 Thread 0x000001838dc74660 Exception <a 'java/lang/NoSuchMethodError'{0x00000000ffb93aa8}: 'java.lang.Object java.lang.invoke.DirectMethodHandle$Holder.newInvokeSpecial(java.lang.Object, long)'> (0x00000000ffb93aa8) 
thrown [s\open\src\hotspot\share\interpreter\linkResolver.cpp, line 773]
Event: 4.772 Thread 0x000001838dc74660 Exception <a 'java/lang/NoSuchMethodError'{0x00000000ffb9a7d0}: 'java.lang.Object java.lang.invoke.DirectMethodHandle$Holder.invokeStatic(java.lang.Object, long, java.lang.Object)'> (0x00000000ffb9a7d0) 
thrown [s\open\src\hotspot\share\interpreter\linkResolver.cpp, line 773]
Event: 4.772 Thread 0x000001838dc74660 Exception <a 'java/lang/NoSuchMethodError'{0x00000000ffb9df58}: 'java.lang.Object java.lang.invoke.DirectMethodHandle$Holder.invokeStaticInit(java.lang.Object, long, java.lang.Object)'> (0x00000000ffb9df58) 
thrown [s\open\src\hotspot\share\interpreter\linkResolver.cpp, line 773]

ZGC Phase Switch (0 events):
No events

VM Operations (20 events):
Event: 240.613 Executing VM operation: RendezvousGCThreads
Event: 240.613 Executing VM operation: RendezvousGCThreads done
Event: 245.652 Executing VM operation: Cleanup
Event: 245.652 Executing VM operation: Cleanup done
Event: 246.664 Executing VM operation: Cleanup
Event: 246.664 Executing VM operation: Cleanup done
Event: 267.829 Executing VM operation: Cleanup
Event: 267.829 Executing VM operation: Cleanup done
Event: 300.843 Executing VM operation: HandshakeAllThreads (HandshakeForDeflation)
Event: 300.843 Executing VM operation: HandshakeAllThreads (HandshakeForDeflation) done
Event: 300.843 Executing VM operation: RendezvousGCThreads
Event: 300.843 Executing VM operation: RendezvousGCThreads done
Event: 393.511 Executing VM operation: Cleanup
Event: 393.516 Executing VM operation: Cleanup done
Event: 421.227 Executing VM operation: HandshakeAllThreads (HandshakeForDeflation)
Event: 421.227 Executing VM operation: HandshakeAllThreads (HandshakeForDeflation) done
Event: 421.227 Executing VM operation: RendezvousGCThreads
Event: 421.227 Executing VM operation: RendezvousGCThreads done
Event: 424.236 Executing VM operation: Cleanup
Event: 424.251 Executing VM operation: Cleanup done

Events (20 events):
Event: 0.025 Thread 0x000001832af81310 Thread added: 0x000001832af81310
Event: 0.040 Thread 0x00000183473f3b40 Thread added: 0x00000183473f3b40
Event: 0.040 Thread 0x00000183473f5e70 Thread added: 0x00000183473f5e70
Event: 0.040 Thread 0x00000183473f9a50 Thread added: 0x00000183473f9a50
Event: 0.040 Thread 0x00000183473fa4b0 Thread added: 0x00000183473fa4b0
Event: 0.040 Thread 0x00000183473fcf20 Thread added: 0x00000183473fcf20
Event: 0.040 Thread 0x00000183473ff990 Thread added: 0x00000183473ff990
Event: 0.041 Thread 0x0000018347402d40 Thread added: 0x0000018347402d40
Event: 0.041 Thread 0x0000018347405e70 Thread added: 0x0000018347405e70
Event: 0.055 Thread 0x00000183476a9480 Thread added: 0x00000183476a9480
Event: 0.056 Thread 0x00000183476ab310 Thread added: 0x00000183476ab310
Event: 1.492 Thread 0x00000183474057a0 Thread added: 0x00000183474057a0
Event: 1.754 Thread 0x00000183474057a0 Thread exited: 0x00000183474057a0
Event: 3.404 Thread 0x000001838da0b8d0 Thread added: 0x000001838da0b8d0
Event: 4.726 Thread 0x000001838dc74660 Thread added: 0x000001838dc74660
Event: 4.812 Thread 0x000001838dc85da0 Thread added: 0x000001838dc85da0
Event: 4.812 Thread 0x000001838dc85da0 Thread exited: 0x000001838dc85da0
Event: 4.813 Thread 0x000001838dc85da0 Thread added: 0x000001838dc85da0
Event: 9.122 Thread 0x000001838dc74660 Thread exited: 0x000001838dc74660
Event: 9.122 Thread 0x000001838dc85da0 Thread exited: 0x000001838dc85da0


Dynamic libraries:
0x00007ff6f5bd0000 - 0x00007ff6f5be0000 	C:\Program Files\Java\jdk-21\bin\java.exe
0x00007ff84aad0000 - 0x00007ff84acc8000 	C:\Windows\SYSTEM32\ntdll.dll
0x00007ff8497b0000 - 0x00007ff849872000 	C:\Windows\System32\KERNEL32.DLL
0x00007ff8487f0000 - 0x00007ff848ae6000 	C:\Windows\System32\KERNELBASE.dll
0x00007ff8484c0000 - 0x00007ff8485c0000 	C:\Windows\System32\ucrtbase.dll
0x00007ff837040000 - 0x00007ff837059000 	C:\Program Files\Java\jdk-21\bin\jli.dll
0x00007ff837860000 - 0x00007ff83787b000 	C:\Program Files\Java\jdk-21\bin\VCRUNTIME140.dll
0x00007ff848dd0000 - 0x00007ff848e81000 	C:\Windows\System32\ADVAPI32.dll
0x00007ff848c00000 - 0x00007ff848c9e000 	C:\Windows\System32\msvcrt.dll
0x00007ff848af0000 - 0x00007ff848b8f000 	C:\Windows\System32\sechost.dll
0x00007ff849520000 - 0x00007ff849640000 	C:\Windows\System32\RPCRT4.dll
0x00007ff848160000 - 0x00007ff848187000 	C:\Windows\System32\bcrypt.dll
0x00007ff84a730000 - 0x00007ff84a8d1000 	C:\Windows\System32\USER32.dll
0x00007ff8477c0000 - 0x00007ff847a5b000 	C:\Windows\WinSxS\amd64_microsoft.windows.common-controls_6595b64144ccf1df_6.0.19041.6456_none_60b8a6cb71f64256\COMCTL32.dll
0x00007ff8487c0000 - 0x00007ff8487e2000 	C:\Windows\System32\win32u.dll
0x00007ff849dd0000 - 0x00007ff849dfb000 	C:\Windows\System32\GDI32.dll
0x00007ff848350000 - 0x00007ff848469000 	C:\Windows\System32\gdi32full.dll
0x00007ff8485c0000 - 0x00007ff84865d000 	C:\Windows\System32\msvcp_win.dll
0x00007ff8412a0000 - 0x00007ff8412aa000 	C:\Windows\SYSTEM32\VERSION.dll
0x00007ff848f10000 - 0x00007ff848f3f000 	C:\Windows\System32\IMM32.DLL
0x00007ff840890000 - 0x00007ff84089c000 	C:\Program Files\Java\jdk-21\bin\vcruntime140_1.dll
0x00007ff804a30000 - 0x00007ff804abe000 	C:\Program Files\Java\jdk-21\bin\msvcp140.dll
0x00007fffa6f80000 - 0x00007fffa7c93000 	C:\Program Files\Java\jdk-21\bin\server\jvm.dll
0x00007ff848b90000 - 0x00007ff848bfb000 	C:\Windows\System32\WS2_32.dll
0x00007ff847f10000 - 0x00007ff847f5b000 	C:\Windows\SYSTEM32\POWRPROF.dll
0x00007ff83c4b0000 - 0x00007ff83c4d7000 	C:\Windows\SYSTEM32\WINMM.dll
0x00007ff847ee0000 - 0x00007ff847ef2000 	C:\Windows\SYSTEM32\UMPDC.dll
0x00007ff845960000 - 0x00007ff845972000 	C:\Windows\SYSTEM32\kernel.appcore.dll
0x00007ff83e700000 - 0x00007ff83e70a000 	C:\Program Files\Java\jdk-21\bin\jimage.dll
0x00007ff847b20000 - 0x00007ff847d21000 	C:\Windows\SYSTEM32\DBGHELP.DLL
0x00007ff847a60000 - 0x00007ff847a94000 	C:\Windows\SYSTEM32\dbgcore.DLL
0x00007ff8482c0000 - 0x00007ff848342000 	C:\Windows\System32\bcryptPrimitives.dll
0x00007ff810850000 - 0x00007ff81086f000 	C:\Program Files\Java\jdk-21\bin\java.dll
0x00007ff849e00000 - 0x00007ff84a570000 	C:\Windows\System32\SHELL32.dll
0x00007ff845af0000 - 0x00007ff846295000 	C:\Windows\SYSTEM32\windows.storage.dll
0x00007ff849a70000 - 0x00007ff849dc4000 	C:\Windows\System32\combase.dll
0x00007ff847310000 - 0x00007ff84733b000 	C:\Windows\SYSTEM32\Wldp.dll
0x00007ff848d00000 - 0x00007ff848dcd000 	C:\Windows\System32\OLEAUT32.dll
0x00007ff849640000 - 0x00007ff8496ed000 	C:\Windows\System32\SHCORE.dll
0x00007ff849750000 - 0x00007ff8497ab000 	C:\Windows\System32\shlwapi.dll
0x00007ff848090000 - 0x00007ff8480b4000 	C:\Windows\SYSTEM32\profapi.dll
0x00007ff801a80000 - 0x00007ff801b57000 	C:\Program Files\Java\jdk-21\bin\jsvml.dll
0x00007ff83a1a0000 - 0x00007ff83a1b0000 	C:\Program Files\Java\jdk-21\bin\net.dll
0x00007ff842440000 - 0x00007ff84254a000 	C:\Windows\SYSTEM32\WINHTTP.dll
0x00007ff8470f0000 - 0x00007ff84715a000 	C:\Windows\system32\mswsock.dll
0x00007ff80d880000 - 0x00007ff80d896000 	C:\Program Files\Java\jdk-21\bin\nio.dll
0x00007ff80c610000 - 0x00007ff80c628000 	C:\Program Files\Java\jdk-21\bin\zip.dll
0x00007ff836fb0000 - 0x00007ff836fc0000 	C:\Program Files\Java\jdk-21\bin\verify.dll
0x00007ff837dc0000 - 0x00007ff837dca000 	C:\Program Files\Java\jdk-21\bin\management.dll
0x00007ff837850000 - 0x00007ff83785b000 	C:\Program Files\Java\jdk-21\bin\management_ext.dll
0x00007ff849060000 - 0x00007ff849068000 	C:\Windows\System32\PSAPI.DLL
0x00007ff834ec0000 - 0x00007ff834ee7000 	C:\Users\Sandro\.gradle\native\1def1411415f61bf3af743bc5b6707747c0891f09f0c88961ee8f79bc544acac\windows-amd64\native-platform.dll
0x00007ff847e60000 - 0x00007ff847e78000 	C:\Windows\SYSTEM32\CRYPTSP.dll
0x00007ff846a90000 - 0x00007ff846ac8000 	C:\Windows\system32\rsaenh.dll
0x00007ff848010000 - 0x00007ff84803e000 	C:\Windows\SYSTEM32\USERENV.dll
0x00007ff847280000 - 0x00007ff84728c000 	C:\Windows\SYSTEM32\CRYPTBASE.dll
0x00007ff846df0000 - 0x00007ff846e2b000 	C:\Windows\SYSTEM32\IPHLPAPI.DLL
0x00007ff8494e0000 - 0x00007ff8494e8000 	C:\Windows\System32\NSI.dll
0x00007ff837ef0000 - 0x00007ff837ef9000 	C:\Program Files\Java\jdk-21\bin\extnet.dll
0x00007ff8380c0000 - 0x00007ff8380ce000 	C:\Program Files\Java\jdk-21\bin\sunmscapi.dll
0x00007ff848660000 - 0x00007ff8487bd000 	C:\Windows\System32\CRYPT32.dll
0x00007ff847380000 - 0x00007ff8473a7000 	C:\Windows\SYSTEM32\ncrypt.dll
0x00007ff847340000 - 0x00007ff84737b000 	C:\Windows\SYSTEM32\NTASN1.dll
0x00007ff835570000 - 0x00007ff835577000 	C:\Windows\system32\wshunix.dll

dbghelp: loaded successfully - version: 4.0.5 - missing functions: none
symbol engine: initialized successfully - sym options: 0x614 - pdb path: .;C:\Program Files\Java\jdk-21\bin;C:\Windows\SYSTEM32;C:\Windows\WinSxS\amd64_microsoft.windows.common-controls_6595b64144ccf1df_6.0.19041.6456_none_60b8a6cb71f64256;C:\Program Files\Java\jdk-21\bin\server;C:\Users\Sandro\.gradle\native\1def1411415f61bf3af743bc5b6707747c0891f09f0c88961ee8f79bc544acac\windows-amd64

VM Arguments:
jvm_args: -Xmx64m -Xms64m -Dorg.gradle.appname=gradlew 
java_command: D:\Desktop\Universidad\noveno semestre\movil\RNComparationDemo\android\\gradle\wrapper\gradle-wrapper.jar assembleRelease --no-daemon
java_class_path (initial): D:\Desktop\Universidad\noveno semestre\movil\RNComparationDemo\android\\gradle\wrapper\gradle-wrapper.jar
Launcher Type: SUN_STANDARD

[Global flags]
     intx CICompilerCount                          = 4                                         {product} {ergonomic}
     uint ConcGCThreads                            = 2                                         {product} {ergonomic}
     uint G1ConcRefinementThreads                  = 8                                         {product} {ergonomic}
   size_t G1HeapRegionSize                         = 1048576                                   {product} {ergonomic}
    uintx GCDrainStackTargetSize                   = 64                                        {product} {ergonomic}
   size_t InitialHeapSize                          = 67108864                                  {product} {command line}
   size_t MarkStackSize                            = 4194304                                   {product} {ergonomic}
   size_t MaxHeapSize                              = 67108864                                  {product} {command line}
   size_t MaxNewSize                               = 39845888                                  {product} {ergonomic}
   size_t MinHeapDeltaBytes                        = 1048576                                   {product} {ergonomic}
   size_t MinHeapSize                              = 67108864                                  {product} {command line}
    uintx NonNMethodCodeHeapSize                   = 5839372                                {pd product} {ergonomic}
    uintx NonProfiledCodeHeapSize                  = 122909434                              {pd product} {ergonomic}
    uintx ProfiledCodeHeapSize                     = 122909434                              {pd product} {ergonomic}
    uintx ReservedCodeCacheSize                    = 251658240                              {pd product} {ergonomic}
     bool SegmentedCodeCache                       = true                                      {product} {ergonomic}
   size_t SoftMaxHeapSize                          = 67108864                               {manageable} {ergonomic}
     bool UseCompressedOops                        = true                           {product lp64_product} {ergonomic}
     bool UseG1GC                                  = true                                      {product} {ergonomic}
     bool UseLargePagesIndividualAllocation        = false                                  {pd product} {ergonomic}

Logging:
Log output configuration:
 #0: stdout all=warning uptime,level,tags foldmultilines=false
 #1: stderr all=off uptime,level,tags foldmultilines=false

Environment Variables:
JAVA_HOME=C:\Program Files\Java\jdk-21
PATH=c:\Users\Sandro\AppData\Local\Programs\cursor\resources\app\resources\helpers;C:\Program Files\Common Files\Oracle\Java\javapath;C:\Program Files (x86)\Common Files\Oracle\Java\java8path;C:\Program Files (x86)\Common Files\Oracle\Java\javapath;C:\Windows\system32;C:\Windows;C:\Windows\System32\Wbem;C:\Windows\System32\WindowsPowerShell\v1.0\;C:\Windows\System32\OpenSSH\;C:\Program Files\dotnet\;C:\Program Files\Git\cmd;C:\Program Files\Java\jdk-21\bin;C:\Program Files (x86)\Microsoft SQL Server\160\Tools\Binn\;C:\Program Files\Microsoft SQL Server\160\Tools\Binn\;C:\Program Files\Microsoft SQL Server\Client SDK\ODBC\170\Tools\Binn\;C:\Program Files\Microsoft SQL Server\160\DTS\Binn\;C:\Program Files (x86)\Microsoft SQL Server\160\DTS\Binn\;D:\Desktop\Universidad\septimo semestre\estructura del pc 2\ffmpeg-7.1.1-essentials_build\bin;D:\Desktop\Universidad\septimo semestre\estructura del pc 2\mingw64\bin;C:\Program Files\Docker\Docker\resources\bin;%NVM_HOME%;%NVM_SYMLINK%;C:\Program Files\Common Files\Oracle\Java\javapath;C:\Program Files (x86)\Common Files\Oracle\Java\java8path;C:\Program Files (x86)\Common Files\Oracle\Java\javapath;C:\Windows\system32;C:\Windows;C:\Windows\System32\Wbem;C:\Windows\System32\WindowsPowerShell\v1.0\;C:\Windows\System32\OpenSSH\;C:\Program Files\dotnet\;C:\Program Files\Git\cmd;C:\Program Files\Java\jdk-21\bin;C:\Program Files (x86)\Microsoft SQL Server\160\Tools\Binn\;C:\Program Files\Microsoft SQL Server\160\Tools\Binn\;C:\Program Files\Microsoft SQL Server\Client SDK\ODBC\170\Tools\Binn\;C:\Program Files\Microsoft SQL Server\160\DTS\Binn\;C:\Program Files (x86)\Microsoft SQL Server\160\DTS\Binn\;D:\Desktop\Universidad\septimo semestre\estructura del pc 2\ffmpeg-7.1.1-essentials_build\bin;D:\Desktop\Universidad\septimo semestre\estructura del pc 2\mingw64\bin;C:\Program Files\Docker\Docker\resources\bin;C:\Program Files\Common Files\Oracle\Java\javapath;C:\Program Files (x86)\Common Files\Oracle\Java\java8path;C:\Program Files (x86)\Common Files\Oracle\Java\javapath;C:\Windows\system32;C:\Windows;C:\Windows\System32\Wbem;C:\Windows\System32\WindowsPowerShell\v1.0\;C:\Windows\System32\OpenSSH\;C:\Program Files\dotnet\;C:\Program Files\Git\cmd;C:\Program Files\Java\jdk-21\bin;C:\Program Files (x86)\Microsoft SQL Server\160\Tools\Binn\;C:\Program Files\Microsoft SQL Server\160\Tools\Binn\;C:\Program Files\Microsoft SQL Server\Client SDK\ODBC\170\Tools\Binn\;C:\Program Files\Microsoft SQL Server\160\DTS\Binn\;C:\Program Files (x86)\Microsoft SQL Server\160\DTS\Binn\;D:\Desktop\Universidad\septimo semestre\estructura del pc 2\ffmpeg-7.1.1-essentials_build\bin;D:\Desktop\Universidad\septimo semestre\estructura del pc 2\mingw64\bin;C:\Program Files\Docker\Docker\resources\bin;C:\Program Files\Common Files\Oracle\Java\javapath;C:\Program Files (x86)\Common Files\Oracle\Java\java8path;C:\Pro;C:\Users\Sandro\flutter\bin;C:\Users\Sandro\AppData\Local\Programs\Microsoft VS Code\bin;C:\Users\Sandro\AppData\Local\GitHubDesktop\bin;C:\Users\Sandro\AppData\Local\nvm;C:\nvm4w\nodejs;C:\Users\Sandro\.lmstudio\bin;C:\Users\Sandro\AppData\Local\Programs\cursor\resources\app\bin
USERNAME=Sandro
TERM=dumb
OS=Windows_NT
PROCESSOR_IDENTIFIER=Intel64 Family 6 Model 140 Stepping 1, GenuineIntel
TMP=C:\Users\Sandro\AppData\Local\Temp
TEMP=C:\Users\Sandro\AppData\Local\Temp




Periodic native trim disabled

---------------  S Y S T E M  ---------------

OS:
 Windows 10 , 64 bit Build 19041 (10.0.19041.5915)
OS uptime: 9 days 9:12 hours
Hyper-V role detected

CPU: total 8 (initial active 8) (4 cores per cpu, 2 threads per core) family 6 model 140 stepping 1 microcode 0xbe, cx8, cmov, fxsr, ht, mmx, 3dnowpref, sse, sse2, sse3, ssse3, sse4.1, sse4.2, popcnt, lzcnt, tsc, tscinvbit, avx, avx2, aes, erms, clmul, bmi1, bmi2, adx, avx512f, avx512dq, avx512cd, avx512bw, avx512vl, sha, fma, vzeroupper, avx512_vpopcntdq, avx512_vpclmulqdq, avx512_vaes, avx512_vnni, clflush, clflushopt, clwb, avx512_vbmi2, avx512_vbmi, hv, rdtscp, rdpid, fsrm, gfni, avx512_bitalg, f16c, cet_ibt, cet_ss, avx512_ifma
Processor Information for all 8 processors :
  Max Mhz: 2419, Current Mhz: 2419, Mhz Limit: 2419

Memory: 4k page, system-wide physical 7918M (186M free)
TotalPageFile size 32494M (AvailPageFile size 0M)
current process WorkingSet (physical memory assigned to process): 18M, peak: 110M
current process commit charge ("private bytes"): 168M, peak: 176M

vm_info: Java HotSpot(TM) 64-Bit Server VM (21.0.4+8-LTS-274) for windows-amd64 JRE (21.0.4+8-LTS-274), built on 2024-06-05T05:23:33Z by "mach5one" with MS VC++ 17.6 (VS2022)

END.
